2016-09-19 23:13:14.979  INFO 3504 --- [main] c.m.MagazineLuizaChallengeApiApplication : Starting MagazineLuizaChallengeApiApplication on LucasMarcello with PID 3504 (C:\Users\Public\MagazineLuizaChallenge\MagazineLuizaChallenge\MagazineLuizaChallenge\MagazineLuizaChallengeAPI\target\classes started by Lucas Marcello in C:\Users\Public\MagazineLuizaChallenge\MagazineLuizaChallenge\MagazineLuizaChallenge\MagazineLuizaChallengeAPI)
2016-09-19 23:13:15.017  INFO 3504 --- [main] c.m.MagazineLuizaChallengeApiApplication : No active profile set, falling back to default profiles: default
2016-09-19 23:13:15.468  INFO 3504 --- [main] ationConfigEmbeddedWebApplicationContext : Refreshing org.springframework.boot.context.embedded.AnnotationConfigEmbeddedWebApplicationContext@1304f14: startup date [Mon Sep 19 23:13:15 BRT 2016]; root of context hierarchy
2016-09-19 23:13:25.275  INFO 3504 --- [main] f.a.AutowiredAnnotationBeanPostProcessor : JSR-330 'javax.inject.Inject' annotation found and supported for autowiring
2016-09-19 23:13:25.940  INFO 3504 --- [main] trationDelegate$BeanPostProcessorChecker : Bean 'org.springframework.transaction.annotation.ProxyTransactionManagementConfiguration' of type [class org.springframework.transaction.annotation.ProxyTransactionManagementConfiguration$$EnhancerBySpringCGLIB$$b34be44b] is not eligible for getting processed by all BeanPostProcessors (for example: not eligible for auto-proxying)
2016-09-19 23:13:29.225  INFO 3504 --- [main] s.b.c.e.t.TomcatEmbeddedServletContainer : Tomcat initialized with port(s): 8080 (http)
2016-09-19 23:13:29.293  INFO 3504 --- [main] o.apache.catalina.core.StandardService   : Starting service Tomcat
2016-09-19 23:13:29.299  INFO 3504 --- [main] org.apache.catalina.core.StandardEngine  : Starting Servlet Engine: Apache Tomcat/8.5.4
2016-09-19 23:13:30.189  INFO 3504 --- [localhost-startStop-1] o.a.c.c.C.[Tomcat].[localhost].[/]       : Initializing Spring embedded WebApplicationContext
2016-09-19 23:13:30.191  INFO 3504 --- [localhost-startStop-1] o.s.web.context.ContextLoader            : Root WebApplicationContext: initialization completed in 14729 ms
2016-09-19 23:13:31.772  INFO 3504 --- [localhost-startStop-1] o.s.b.w.servlet.ServletRegistrationBean  : Mapping servlet: 'dispatcherServlet' to [/]
2016-09-19 23:13:31.806  INFO 3504 --- [localhost-startStop-1] o.s.b.w.servlet.FilterRegistrationBean   : Mapping filter: 'characterEncodingFilter' to: [/*]
2016-09-19 23:13:31.809  INFO 3504 --- [localhost-startStop-1] o.s.b.w.servlet.FilterRegistrationBean   : Mapping filter: 'hiddenHttpMethodFilter' to: [/*]
2016-09-19 23:13:31.810  INFO 3504 --- [localhost-startStop-1] o.s.b.w.servlet.FilterRegistrationBean   : Mapping filter: 'httpPutFormContentFilter' to: [/*]
2016-09-19 23:13:31.812  INFO 3504 --- [localhost-startStop-1] o.s.b.w.servlet.FilterRegistrationBean   : Mapping filter: 'requestContextFilter' to: [/*]
2016-09-19 23:13:31.813  INFO 3504 --- [localhost-startStop-1] o.s.b.w.servlet.FilterRegistrationBean   : Mapping filter: 'corsFilterConfig' to: [/*]
2016-09-19 23:13:34.247  INFO 3504 --- [main] j.LocalContainerEntityManagerFactoryBean : Building JPA container EntityManagerFactory for persistence unit 'default'
2016-09-19 23:13:51.005  INFO 3504 --- [main] j.LocalContainerEntityManagerFactoryBean : Initialized JPA EntityManagerFactory for persistence unit 'default'
2016-09-19 23:13:54.113  INFO 3504 --- [main] s.w.s.m.m.a.RequestMappingHandlerAdapter : Looking for @ControllerAdvice: org.springframework.boot.context.embedded.AnnotationConfigEmbeddedWebApplicationContext@1304f14: startup date [Mon Sep 19 23:13:15 BRT 2016]; root of context hierarchy
2016-09-19 23:13:54.575  INFO 3504 --- [main] s.w.s.m.m.a.RequestMappingHandlerMapping : Mapped "{[/api/twitter/{username}],methods=[GET]}" onto public java.util.List<org.springframework.social.twitter.api.Tweet> br.com.magazineluizachallenge.api.TwitterAPI.getTweets(java.lang.String)
2016-09-19 23:13:54.580  INFO 3504 --- [main] s.w.s.m.m.a.RequestMappingHandlerMapping : Mapped "{[/api/twitter],methods=[POST]}" onto public void br.com.magazineluizachallenge.api.TwitterAPI.logarTweetsNoBancoDeDados(java.util.List<br.com.magazineluizachallenge.model.TweetLog>)
2016-09-19 23:13:54.590  INFO 3504 --- [main] s.w.s.m.m.a.RequestMappingHandlerMapping : Mapped "{[/error]}" onto public org.springframework.http.ResponseEntity<java.util.Map<java.lang.String, java.lang.Object>> org.springframework.boot.autoconfigure.web.BasicErrorController.error(javax.servlet.http.HttpServletRequest)
2016-09-19 23:13:54.592  INFO 3504 --- [main] s.w.s.m.m.a.RequestMappingHandlerMapping : Mapped "{[/error],produces=[text/html]}" onto public org.springframework.web.servlet.ModelAndView org.springframework.boot.autoconfigure.web.BasicErrorController.errorHtml(javax.servlet.http.HttpServletRequest,javax.servlet.http.HttpServletResponse)
2016-09-19 23:13:54.638  INFO 3504 --- [main] s.w.s.m.m.a.RequestMappingHandlerMapping : Mapped "{[/connect/{providerId}],methods=[POST]}" onto public org.springframework.web.servlet.view.RedirectView org.springframework.social.connect.web.ConnectController.connect(java.lang.String,org.springframework.web.context.request.NativeWebRequest)
2016-09-19 23:13:54.640  INFO 3504 --- [main] s.w.s.m.m.a.RequestMappingHandlerMapping : Mapped "{[/connect/{providerId}],methods=[GET],params=[error]}" onto public org.springframework.web.servlet.view.RedirectView org.springframework.social.connect.web.ConnectController.oauth2ErrorCallback(java.lang.String,java.lang.String,java.lang.String,java.lang.String,org.springframework.web.context.request.NativeWebRequest)
2016-09-19 23:13:54.642  INFO 3504 --- [main] s.w.s.m.m.a.RequestMappingHandlerMapping : Mapped "{[/connect/{providerId}],methods=[DELETE]}" onto public org.springframework.web.servlet.view.RedirectView org.springframework.social.connect.web.ConnectController.removeConnections(java.lang.String,org.springframework.web.context.request.NativeWebRequest)
2016-09-19 23:13:54.643  INFO 3504 --- [main] s.w.s.m.m.a.RequestMappingHandlerMapping : Mapped "{[/connect],methods=[GET]}" onto public java.lang.String org.springframework.social.connect.web.ConnectController.connectionStatus(org.springframework.web.context.request.NativeWebRequest,org.springframework.ui.Model)
2016-09-19 23:13:54.644  INFO 3504 --- [main] s.w.s.m.m.a.RequestMappingHandlerMapping : Mapped "{[/connect/{providerId}],methods=[GET]}" onto public java.lang.String org.springframework.social.connect.web.ConnectController.connectionStatus(java.lang.String,org.springframework.web.context.request.NativeWebRequest,org.springframework.ui.Model)
2016-09-19 23:13:54.646  INFO 3504 --- [main] s.w.s.m.m.a.RequestMappingHandlerMapping : Mapped "{[/connect/{providerId}],methods=[GET],params=[oauth_token]}" onto public org.springframework.web.servlet.view.RedirectView org.springframework.social.connect.web.ConnectController.oauth1Callback(java.lang.String,org.springframework.web.context.request.NativeWebRequest)
2016-09-19 23:13:54.647  INFO 3504 --- [main] s.w.s.m.m.a.RequestMappingHandlerMapping : Mapped "{[/connect/{providerId}],methods=[GET],params=[code]}" onto public org.springframework.web.servlet.view.RedirectView org.springframework.social.connect.web.ConnectController.oauth2Callback(java.lang.String,org.springframework.web.context.request.NativeWebRequest)
2016-09-19 23:13:54.648  INFO 3504 --- [main] s.w.s.m.m.a.RequestMappingHandlerMapping : Mapped "{[/connect/{providerId}/{providerUserId}],methods=[DELETE]}" onto public org.springframework.web.servlet.view.RedirectView org.springframework.social.connect.web.ConnectController.removeConnection(java.lang.String,java.lang.String,org.springframework.web.context.request.NativeWebRequest)
2016-09-19 23:13:54.886  INFO 3504 --- [main] o.s.w.s.handler.SimpleUrlHandlerMapping  : Mapped URL path [/webjars/**] onto handler of type [class org.springframework.web.servlet.resource.ResourceHttpRequestHandler]
2016-09-19 23:13:54.888  INFO 3504 --- [main] o.s.w.s.handler.SimpleUrlHandlerMapping  : Mapped URL path [/**] onto handler of type [class org.springframework.web.servlet.resource.ResourceHttpRequestHandler]
2016-09-19 23:13:55.127  INFO 3504 --- [main] o.s.w.s.handler.SimpleUrlHandlerMapping  : Mapped URL path [/**/favicon.ico] onto handler of type [class org.springframework.web.servlet.resource.ResourceHttpRequestHandler]
2016-09-19 23:13:56.839  INFO 3504 --- [main] o.s.j.e.a.AnnotationMBeanExporter        : Registering beans for JMX exposure on startup
2016-09-19 23:13:57.113  INFO 3504 --- [main] s.b.c.e.t.TomcatEmbeddedServletContainer : Tomcat started on port(s): 8080 (http)
2016-09-19 23:13:57.130  INFO 3504 --- [main] c.m.MagazineLuizaChallengeApiApplication : Started MagazineLuizaChallengeApiApplication in 45.338 seconds (JVM running for 48.423)
2016-09-19 23:14:23.446  INFO 3504 --- [http-nio-8080-exec-1] o.a.c.c.C.[Tomcat].[localhost].[/]       : Initializing Spring FrameworkServlet 'dispatcherServlet'
2016-09-19 23:14:23.448  INFO 3504 --- [http-nio-8080-exec-1] o.s.web.servlet.DispatcherServlet        : FrameworkServlet 'dispatcherServlet': initialization started
2016-09-19 23:14:24.134  INFO 3504 --- [http-nio-8080-exec-1] o.s.web.servlet.DispatcherServlet        : FrameworkServlet 'dispatcherServlet': initialization completed in 684 ms
2016-09-19 23:14:24.547  INFO 3504 --- [http-nio-8080-exec-1] b.c.m.api.TwitterAPI                     : Iniciando busca por postagens no Twitter do usuário: DevittChallenge
2016-09-19 23:14:31.621  INFO 3504 --- [http-nio-8080-exec-1] b.c.m.api.TwitterAPI                     : Classe TwitterAPI - Método: getTweets - Retornando postagens  do Twitter do usuário: : DevittChallenge
2016-09-19 23:15:08.676  INFO 3504 --- [RMI TCP Connection(2)-192.168.2.106] inMXBeanRegistrar$SpringApplicationAdmin : Application shutdown requested.
2016-09-19 23:15:08.677  INFO 3504 --- [RMI TCP Connection(2)-192.168.2.106] ationConfigEmbeddedWebApplicationContext : Closing org.springframework.boot.context.embedded.AnnotationConfigEmbeddedWebApplicationContext@1304f14: startup date [Mon Sep 19 23:13:15 BRT 2016]; root of context hierarchy
2016-09-19 23:15:08.696  INFO 3504 --- [RMI TCP Connection(2)-192.168.2.106] o.s.j.e.a.AnnotationMBeanExporter        : Unregistering JMX-exposed beans on shutdown
2016-09-19 23:15:08.700  INFO 3504 --- [RMI TCP Connection(2)-192.168.2.106] j.LocalContainerEntityManagerFactoryBean : Closing JPA EntityManagerFactory for persistence unit 'default'
